# JRE version: Java(TM) SE Runtime Environment (8.0_121-b13) (build 1.8.0_121-b13)
# Java VM: Java HotSpot(TM) Client VM (25.121-b13 mixed mode windows-x86 )
Heap:
 def new generation   total 6592K, used 6288K [0x03e00000, 0x04520000, 0x19350000)
  eden space 5888K,  98% used [0x03e00000, 0x043ae980, 0x043c0000)
  from space 704K,  66% used [0x043c0000, 0x04435958, 0x04470000)
  to   space 704K,   0% used [0x04470000, 0x04470000, 0x04520000)
 tenured generation   total 14464K, used 9587K [0x19350000, 0x1a170000, 0x43e00000)
   the space 14464K,  66% used [0x19350000, 0x19cacde8, 0x19cace00, 0x1a170000)
 Metaspace       used 23113K, capacity 23358K, committed 23552K, reserved 27008K
GC Heap History (10 events):
Event: 42.385 GC heap before
{Heap before GC invocations=59 (full 2):
 def new generation   total 6464K, used 6421K [0x03e00000, 0x04500000, 0x19350000)
  eden space 5760K, 100% used [0x03e00000, 0x043a0000, 0x043a0000)
  from space 704K,  94% used [0x04450000, 0x044f5758, 0x04500000)
  to   space 704K,   0% used [0x043a0000, 0x043a0000, 0x04450000)
 tenured generation   total 14208K, used 13976K [0x19350000, 0x1a130000, 0x43e00000)
   the space 14208K,  98% used [0x19350000, 0x1a0f6158, 0x1a0f6200, 0x1a130000)
 Metaspace       used 22163K, capacity 22444K, committed 22528K, reserved 22912K
Event: 42.452 GC heap after
Heap after GC invocations=60 (full 3):
 def new generation   total 6592K, used 0K [0x03e00000, 0x04520000, 0x19350000)
  eden space 5888K,   0% used [0x03e00000, 0x03e00000, 0x043c0000)
  from space 704K,   0% used [0x043c0000, 0x043c0000, 0x04470000)
  to   space 704K,   0% used [0x04470000, 0x04470000, 0x04520000)
 tenured generation   total 14464K, used 10678K [0x19350000, 0x1a170000, 0x43e00000)
   the space 14464K,  73% used [0x19350000, 0x19dbd8d0, 0x19dbda00, 0x1a170000)
 Metaspace       used 22058K, capacity 22312K, committed 22528K, reserved 22912K
}
Event: 42.575 GC heap before
{Heap before GC invocations=60 (full 3):
 def new generation   total 6592K, used 5888K [0x03e00000, 0x04520000, 0x19350000)
  eden space 5888K, 100% used [0x03e00000, 0x043c0000, 0x043c0000)
  from space 704K,   0% used [0x043c0000, 0x043c0000, 0x04470000)
  to   space 704K,   0% used [0x04470000, 0x04470000, 0x04520000)
 tenured generation   total 14464K, used 10678K [0x19350000, 0x1a170000, 0x43e00000)
   the space 14464K,  73% used [0x19350000, 0x19dbd8d0, 0x19dbda00, 0x1a170000)
 Metaspace       used 22442K, capacity 22696K, committed 22912K, reserved 25984K
Event: 42.578 GC heap after
Heap after GC invocations=61 (full 3):
 def new generation   total 6592K, used 576K [0x03e00000, 0x04520000, 0x19350000)
  eden space 5888K,   0% used [0x03e00000, 0x03e00000, 0x043c0000)
  from space 704K,  81% used [0x04470000, 0x045000a0, 0x04520000)
  to   space 704K,   0% used [0x043c0000, 0x043c0000, 0x04470000)
 tenured generation   total 14464K, used 10678K [0x19350000, 0x1a170000, 0x43e00000)
   the space 14464K,  73% used [0x19350000, 0x19dbd8d0, 0x19dbda00, 0x1a170000)
 Metaspace       used 22442K, capacity 22696K, committed 22912K, reserved 25984K
}
Event: 42.636 GC heap before
{Heap before GC invocations=61 (full 3):
 def new generation   total 6592K, used 1600K [0x03e00000, 0x04520000, 0x19350000)
  eden space 5888K,  17% used [0x03e00000, 0x03effff8, 0x043c0000)
  from space 704K,  81% used [0x04470000, 0x045000a0, 0x04520000)
  to   space 704K,   0% used [0x043c0000, 0x043c0000, 0x04470000)
 tenured generation   total 14464K, used 10678K [0x19350000, 0x1a170000, 0x43e00000)
   the space 14464K,  73% used [0x19350000, 0x19dbd8d0, 0x19dbda00, 0x1a170000)
 Metaspace       used 22523K, capacity 22760K, committed 22912K, reserved 28032K
Event: 42.697 GC heap after
Heap after GC invocations=62 (full 4):
 def new generation   total 6592K, used 0K [0x03e00000, 0x04520000, 0x19350000)
  eden space 5888K,   0% used [0x03e00000, 0x03e00000, 0x043c0000)
  from space 704K,   0% used [0x04470000, 0x04470000, 0x04520000)
  to   space 704K,   0% used [0x043c0000, 0x043c0000, 0x04470000)
 tenured generation   total 14464K, used 9587K [0x19350000, 0x1a170000, 0x43e00000)
   the space 14464K,  66% used [0x19350000, 0x19cacde8, 0x19cace00, 0x1a170000)
 Metaspace       used 22523K, capacity 22760K, committed 22912K, reserved 27008K
}
Event: 42.697 GC heap before
{Heap before GC invocations=62 (full 4):
 def new generation   total 6592K, used 0K [0x03e00000, 0x04520000, 0x19350000)
  eden space 5888K,   0% used [0x03e00000, 0x03e00000, 0x043c0000)
  from space 704K,   0% used [0x04470000, 0x04470000, 0x04520000)
  to   space 704K,   0% used [0x043c0000, 0x043c0000, 0x04470000)
 tenured generation   total 14464K, used 9587K [0x19350000, 0x1a170000, 0x43e00000)
   the space 14464K,  66% used [0x19350000, 0x19cacde8, 0x19cace00, 0x1a170000)
 Metaspace       used 22523K, capacity 22760K, committed 22912K, reserved 29056K
Event: 42.755 GC heap after
Heap after GC invocations=63 (full 5):
 def new generation   total 6592K, used 0K [0x03e00000, 0x04520000, 0x19350000)
  eden space 5888K,   0% used [0x03e00000, 0x03e00000, 0x043c0000)
  from space 704K,   0% used [0x04470000, 0x04470000, 0x04520000)
  to   space 704K,   0% used [0x043c0000, 0x043c0000, 0x04470000)
 tenured generation   total 14464K, used 9587K [0x19350000, 0x1a170000, 0x43e00000)
   the space 14464K,  66% used [0x19350000, 0x19cacde8, 0x19cace00, 0x1a170000)
 Metaspace       used 22515K, capacity 22750K, committed 22912K, reserved 27008K
}
Event: 42.891 GC heap before
{Heap before GC invocations=63 (full 5):
 def new generation   total 6592K, used 5888K [0x03e00000, 0x04520000, 0x19350000)
  eden space 5888K, 100% used [0x03e00000, 0x043c0000, 0x043c0000)
  from space 704K,   0% used [0x04470000, 0x04470000, 0x04520000)
  to   space 704K,   0% used [0x043c0000, 0x043c0000, 0x04470000)
 tenured generation   total 14464K, used 9587K [0x19350000, 0x1a170000, 0x43e00000)
   the space 14464K,  66% used [0x19350000, 0x19cacde8, 0x19cace00, 0x1a170000)
 Metaspace       used 22862K, capacity 23102K, committed 23296K, reserved 27008K
Event: 42.893 GC heap after
Heap after GC invocations=64 (full 5):
 def new generation   total 6592K, used 470K [0x03e00000, 0x04520000, 0x19350000)
  eden space 5888K,   0% used [0x03e00000, 0x03e00000, 0x043c0000)
  from space 704K,  66% used [0x043c0000, 0x04435958, 0x04470000)
  to   space 704K,   0% used [0x04470000, 0x04470000, 0x04520000)
 tenured generation   total 14464K, used 9587K [0x19350000, 0x1a170000, 0x43e00000)
   the space 14464K,  66% used [0x19350000, 0x19cacde8, 0x19cace00, 0x1a170000)
 Metaspace       used 22862K, capacity 23102K, committed 23296K, reserved 27008K
}

